7/17/2022 1:13:24 AM ## ----------admin log in ----------
7/17/2022 1:15:03 AM ## add new Table, ID = 31
7/17/2022 1:17:35 AM ## ----------admin log in ----------
7/17/2022 1:17:56 AM ## change account's information
7/17/2022 1:18:48 AM ## delete Table, ID = 31
7/17/2022 1:19:42 AM ## check new Bill, ID = 1, Total price = 44000
7/17/2022 1:35:43 AM ## ----------admin log in ----------
7/17/2022 1:36:28 AM ## check new Bill, ID = 2, Total price = 32000
7/17/2022 1:36:55 AM ## check new Bill, ID = 4, Total price = 10000
7/17/2022 1:39:26 AM ## ----------admin log out ----------
7/17/2022 1:43:21 AM ## ----------admin log in ----------
7/17/2022 1:52:51 AM ## ----------admin log in ----------
7/17/2022 2:04:03 AM ## ----------admin log in ----------
7/17/2022 2:08:19 AM ## ----------admin log in ----------
7/17/2022 2:30:54 AM ## ----------admin log out ----------
7/17/2022 6:25:19 PM ## ----------admin log in ----------
7/17/2022 6:29:22 PM ## ----------admin log in ----------
7/17/2022 6:29:51 PM ## ----------admin log out ----------
7/17/2022 6:50:56 PM ## ----------admin log in ----------
7/17/2022 6:51:33 PM ## ----------admin log out ----------
7/17/2022 8:38:13 PM ## ----------admin log in ----------
7/17/2022 8:38:16 PM ## ----------admin log out ----------
